<?xml version="1.0" encoding="UTF-8"?>
<!-- Generated by org.testng.reporters.JUnitReportReporter -->
<testsuite hostname="SrikarReddy" failures="0" tests="6" name="api.test.DataDrivenTests" time="2.054" errors="0" timestamp="2024-06-25T22:03:34 GMT-04:00" skipped="0">
  <testcase classname="api.test.DataDrivenTests" name="testPostDataDriven" time="0.124"/>
  <testcase classname="api.test.DataDrivenTests" name="testPostDataDriven" time="1.441"/>
  <testcase classname="api.test.DataDrivenTests" name="testPostDataDriven" time="0.123"/>
  <testcase classname="api.test.DataDrivenTests" name="testDeleteUsers" time="0.116"/>
  <testcase classname="api.test.DataDrivenTests" name="testDeleteUsers" time="0.114"/>
  <testcase classname="api.test.DataDrivenTests" name="testDeleteUsers" time="0.136"/>
</testsuite> <!-- api.test.DataDrivenTests -->
