<?xml version="1.0" encoding="UTF-8"?>
<!-- Generated by org.testng.reporters.JUnitReportReporter -->
<testsuite hostname="SrikarReddy" failures="0" tests="4" name="api.test.UserTests" time="3.641" errors="0" timestamp="2024-06-18T00:20:53 GMT-04:00" skipped="0">
  <testcase classname="api.test.UserTests" name="testPostUser" time="2.357"/>
  <testcase classname="api.test.UserTests" name="testgetByUsername" time="0.806"/>
  <testcase classname="api.test.UserTests" name="testupdateByUsername" time="0.351"/>
  <testcase classname="api.test.UserTests" name="deleteByUsername" time="0.127"/>
</testsuite> <!-- api.test.UserTests -->
